nohup: ignoring input
Input Notebook:  Assignment_5_DeepLearning.ipynb
Output Notebook: output_Assignment_5.ipynb
Executing:   0%|          | 0/34 [00:00<?, ?cell/s]Executing notebook with kernel: python3
Executing:   3%|▎         | 1/34 [00:05<02:52,  5.23s/cell]Executing:   6%|▌         | 2/34 [00:20<06:04, 11.39s/cell]Executing:   6%|▌         | 2/34 [00:23<06:15, 11.73s/cell]
Traceback (most recent call last):
  File "/home/crappi/Desktop/AnDang/ML4DS-220205-Assignment5/.venv/bin/papermill", line 8, in <module>
    sys.exit(papermill())
             ~~~~~~~~~^^
  File "/home/crappi/Desktop/AnDang/ML4DS-220205-Assignment5/.venv/lib/python3.13/site-packages/click/core.py", line 1485, in __call__
    return self.main(*args, **kwargs)
           ~~~~~~~~~^^^^^^^^^^^^^^^^^
  File "/home/crappi/Desktop/AnDang/ML4DS-220205-Assignment5/.venv/lib/python3.13/site-packages/click/core.py", line 1406, in main
    rv = self.invoke(ctx)
  File "/home/crappi/Desktop/AnDang/ML4DS-220205-Assignment5/.venv/lib/python3.13/site-packages/click/core.py", line 1269, in invoke
    return ctx.invoke(self.callback, **ctx.params)
           ~~~~~~~~~~^^^^^^^^^^^^^^^^^^^^^^^^^^^^^
  File "/home/crappi/Desktop/AnDang/ML4DS-220205-Assignment5/.venv/lib/python3.13/site-packages/click/core.py", line 824, in invoke
    return callback(*args, **kwargs)
  File "/home/crappi/Desktop/AnDang/ML4DS-220205-Assignment5/.venv/lib/python3.13/site-packages/click/decorators.py", line 34, in new_func
    return f(get_current_context(), *args, **kwargs)
  File "/home/crappi/Desktop/AnDang/ML4DS-220205-Assignment5/.venv/lib/python3.13/site-packages/papermill/cli.py", line 235, in papermill
    execute_notebook(
    ~~~~~~~~~~~~~~~~^
        input_path=input_path,
        ^^^^^^^^^^^^^^^^^^^^^^
    ...<15 lines>...
        execution_timeout=execution_timeout,
        ^^^^^^^^^^^^^^^^^^^^^^^^^^^^^^^^^^^^
    )
    ^
  File "/home/crappi/Desktop/AnDang/ML4DS-220205-Assignment5/.venv/lib/python3.13/site-packages/papermill/execute.py", line 131, in execute_notebook
    raise_for_execution_errors(nb, output_path)
    ~~~~~~~~~~~~~~~~~~~~~~~~~~^^^^^^^^^^^^^^^^^
  File "/home/crappi/Desktop/AnDang/ML4DS-220205-Assignment5/.venv/lib/python3.13/site-packages/papermill/execute.py", line 251, in raise_for_execution_errors
    raise error
papermill.exceptions.PapermillExecutionError: 
---------------------------------------------------------------------------
Exception encountered at "In [1]":
---------------------------------------------------------------------------
ModuleNotFoundError                       Traceback (most recent call last)
Cell In[1], line 6
      4 import matplotlib.pyplot as plt
      5 import tensorflow as tf
----> 6 import keras              # Keras is the high-level API of TensorFlow

File ~/Desktop/AnDang/ML4DS-220205-Assignment5/.venv/lib/python3.13/site-packages/keras/__init__.py:7
      1 """DO NOT EDIT.
      2 
      3 This file was autogenerated. Do not edit it by hand,
      4 since your modifications would be overwritten.
      5 """
----> 7 from keras import _tf_keras as _tf_keras
      8 from keras import activations as activations
      9 from keras import applications as applications

File ~/Desktop/AnDang/ML4DS-220205-Assignment5/.venv/lib/python3.13/site-packages/keras/_tf_keras/__init__.py:1
----> 1 from keras._tf_keras import keras

File ~/Desktop/AnDang/ML4DS-220205-Assignment5/.venv/lib/python3.13/site-packages/keras/_tf_keras/keras/__init__.py:7
      1 """DO NOT EDIT.
      2 
      3 This file was autogenerated. Do not edit it by hand,
      4 since your modifications would be overwritten.
      5 """
----> 7 from keras import activations as activations
      8 from keras import applications as applications
      9 from keras import callbacks as callbacks

File ~/Desktop/AnDang/ML4DS-220205-Assignment5/.venv/lib/python3.13/site-packages/keras/activations/__init__.py:7
      1 """DO NOT EDIT.
      2 
      3 This file was autogenerated. Do not edit it by hand,
      4 since your modifications would be overwritten.
      5 """
----> 7 from keras.src.activations import deserialize as deserialize
      8 from keras.src.activations import get as get
      9 from keras.src.activations import serialize as serialize

File ~/Desktop/AnDang/ML4DS-220205-Assignment5/.venv/lib/python3.13/site-packages/keras/src/__init__.py:1
----> 1 from keras.src import activations
      2 from keras.src import applications
      3 from keras.src import backend

File ~/Desktop/AnDang/ML4DS-220205-Assignment5/.venv/lib/python3.13/site-packages/keras/src/activations/__init__.py:3
      1 import types
----> 3 from keras.src.activations.activations import celu
      4 from keras.src.activations.activations import elu
      5 from keras.src.activations.activations import exponential

File ~/Desktop/AnDang/ML4DS-220205-Assignment5/.venv/lib/python3.13/site-packages/keras/src/activations/activations.py:1
----> 1 from keras.src import backend
      2 from keras.src import ops
      3 from keras.src.api_export import keras_export

File ~/Desktop/AnDang/ML4DS-220205-Assignment5/.venv/lib/python3.13/site-packages/keras/src/backend/__init__.py:1
----> 1 from keras.src.backend.config import backend
      3 if backend() == "torch":
      4     # When using the torch backend,
      5     # torch needs to be imported first, otherwise it will segfault
      6     # upon import.
      7     import torch

File ~/Desktop/AnDang/ML4DS-220205-Assignment5/.venv/lib/python3.13/site-packages/keras/src/backend/config.py:448
    445     else:
    446         _NNX_ENABLED = False
--> 448 set_nnx_enabled(_NNX_ENABLED)

File ~/Desktop/AnDang/ML4DS-220205-Assignment5/.venv/lib/python3.13/site-packages/keras/src/backend/config.py:249, in set_nnx_enabled(value)
    247 def set_nnx_enabled(value):
    248     global _NNX_ENABLED
--> 249     from keras.src.backend.common import global_state
    251     _NNX_ENABLED = bool(value)
    252     if _NNX_ENABLED:

File ~/Desktop/AnDang/ML4DS-220205-Assignment5/.venv/lib/python3.13/site-packages/keras/src/backend/common/__init__.py:2
      1 from keras.src.backend.common import backend_utils
----> 2 from keras.src.backend.common.dtypes import result_type
      3 from keras.src.backend.common.variables import AutocastScope
      4 from keras.src.backend.common.variables import Variable as KerasVariable

File ~/Desktop/AnDang/ML4DS-220205-Assignment5/.venv/lib/python3.13/site-packages/keras/src/backend/common/dtypes.py:5
      3 from keras.src.api_export import keras_export
      4 from keras.src.backend import config
----> 5 from keras.src.backend.common.variables import standardize_dtype
      7 BOOL_TYPES = ("bool",)
      8 INT_TYPES = (
      9     "uint8",
     10     "uint16",
   (...)     16     "int64",
     17 )

File ~/Desktop/AnDang/ML4DS-220205-Assignment5/.venv/lib/python3.13/site-packages/keras/src/backend/common/variables.py:11
      9 from keras.src.backend.common.stateless_scope import get_stateless_scope
     10 from keras.src.backend.common.stateless_scope import in_stateless_scope
---> 11 from keras.src.utils.module_utils import tensorflow as tf
     12 from keras.src.utils.naming import auto_name
     15 class Variable:

File ~/Desktop/AnDang/ML4DS-220205-Assignment5/.venv/lib/python3.13/site-packages/keras/src/utils/__init__.py:1
----> 1 from keras.src.utils.audio_dataset_utils import audio_dataset_from_directory
      2 from keras.src.utils.dataset_utils import split_dataset
      3 from keras.src.utils.file_utils import get_file

File ~/Desktop/AnDang/ML4DS-220205-Assignment5/.venv/lib/python3.13/site-packages/keras/src/utils/audio_dataset_utils.py:4
      1 import numpy as np
      3 from keras.src.api_export import keras_export
----> 4 from keras.src.utils import dataset_utils
      5 from keras.src.utils.module_utils import tensorflow as tf
      6 from keras.src.utils.module_utils import tensorflow_io as tfio

File ~/Desktop/AnDang/ML4DS-220205-Assignment5/.venv/lib/python3.13/site-packages/keras/src/utils/dataset_utils.py:10
      7 import numpy as np
      9 from keras.src import backend
---> 10 from keras.src import tree
     11 from keras.src.api_export import keras_export
     12 from keras.src.utils import file_utils

File ~/Desktop/AnDang/ML4DS-220205-Assignment5/.venv/lib/python3.13/site-packages/keras/src/tree/__init__.py:1
----> 1 from keras.src.tree.tree_api import assert_same_paths
      2 from keras.src.tree.tree_api import assert_same_structure
      3 from keras.src.tree.tree_api import flatten

File ~/Desktop/AnDang/ML4DS-220205-Assignment5/.venv/lib/python3.13/site-packages/keras/src/tree/tree_api.py:13
     11     from keras.src.tree import torchtree_impl as tree_impl
     12 elif optree.available:
---> 13     from keras.src.tree import optree_impl as tree_impl
     14 elif dmtree.available:
     15     from keras.src.tree import dmtree_impl as tree_impl

File ~/Desktop/AnDang/ML4DS-220205-Assignment5/.venv/lib/python3.13/site-packages/keras/src/tree/optree_impl.py:13
     11 # Register backend-specific node classes
     12 if backend() == "tensorflow":
---> 13     from tensorflow.python.trackable.data_structures import ListWrapper
     14     from tensorflow.python.trackable.data_structures import _DictWrapper
     16     try:

ModuleNotFoundError: No module named 'tensorflow.python'

